SF:lib/models/chart_data_helper.dart
DA:7,2
DA:8,2
DA:9,2
DA:16,2
DA:23,2
DA:30,2
DA:37,2
DA:44,2
DA:51,2
DA:62,2
DA:63,2
DA:66,2
DA:67,2
DA:72,1
DA:73,1
DA:76,2
DA:77,2
DA:78,1
DA:83,1
DA:87,1
DA:90,1
DA:91,1
DA:93,1
DA:95,1
DA:97,1
DA:99,1
DA:101,1
DA:103,1
DA:105,1
DA:111,2
DA:112,4
DA:113,2
DA:114,4
DA:124,3
DA:125,3
DA:128,3
DA:129,3
DA:134,1
DA:135,1
DA:137,1
DA:138,1
DA:142,1
DA:143,1
DA:146,1
DA:148,1
DA:151,1
DA:153,1
DA:156,1
DA:158,1
DA:161,1
DA:163,1
DA:166,1
DA:168,1
DA:171,1
DA:173,1
DA:180,1
DA:184,1
DA:185,1
DA:186,1
DA:187,1
DA:188,1
DA:189,1
DA:190,1
DA:191,1
DA:198,0
DA:199,0
DA:200,0
DA:203,0
DA:209,0
DA:210,0
DA:213,0
DA:214,0
DA:215,0
DA:219,0
DA:223,0
DA:224,0
DA:227,0
DA:228,0
DA:229,0
DA:233,0
DA:242,2
LF:81
LH:65
end_of_record
SF:lib/models/chart_data_models.dart
DA:11,2
DA:13,2
DA:15,2
DA:17,1
DA:22,1
DA:24,1
DA:26,1
DA:28,0
DA:33,1
DA:35,1
DA:37,1
DA:39,0
DA:53,4
DA:62,32
DA:65,3
DA:72,3
DA:73,2
DA:74,1
DA:75,3
DA:76,3
DA:77,3
DA:82,1
DA:83,1
DA:84,1
DA:85,1
DA:86,1
DA:87,1
DA:88,1
DA:93,1
DA:94,1
DA:95,1
DA:96,2
DA:97,2
DA:98,2
DA:99,2
DA:110,1
DA:117,0
DA:122,0
DA:123,0
DA:124,0
DA:125,0
DA:130,0
DA:131,0
DA:132,0
DA:133,0
DA:134,0
DA:139,0
DA:140,0
DA:141,0
DA:142,0
DA:143,0
DA:144,0
DA:158,1
DA:167,0
DA:169,0
DA:172,0
DA:174,0
DA:177,0
DA:184,0
DA:185,0
DA:186,0
DA:187,0
DA:188,0
DA:189,0
DA:194,0
DA:195,0
DA:196,0
DA:197,0
DA:198,0
DA:199,0
DA:200,0
DA:201,0
DA:202,0
DA:204,0
DA:205,0
DA:210,0
DA:211,0
DA:212,0
DA:213,0
DA:214,0
DA:215,0
DA:216,0
DA:219,0
DA:220,0
DA:221,0
DA:222,0
DA:223,0
DA:225,0
DA:226,0
DA:238,4
DA:246,4
DA:247,24
DA:250,3
DA:256,3
DA:257,1
DA:258,2
DA:259,2
DA:260,3
DA:265,1
DA:266,1
DA:267,1
DA:268,1
DA:269,2
DA:270,2
DA:275,1
DA:276,1
DA:277,2
DA:278,2
DA:279,1
DA:280,1
DA:292,7
DA:308,2
DA:309,1
DA:310,1
DA:311,1
DA:312,1
DA:316,2
DA:322,2
DA:323,0
DA:324,1
DA:325,2
DA:326,2
LF:122
LH:67
end_of_record
SF:lib/providers/chart_provider.dart
DA:16,6
DA:17,4
DA:18,0
DA:19,0
DA:20,2
DA:21,3
DA:22,3
DA:23,3
DA:24,4
DA:25,2
DA:28,0
DA:31,0
DA:32,0
DA:35,0
DA:38,1
DA:39,1
DA:42,2
DA:43,2
DA:44,2
DA:46,2
DA:47,9
DA:49,0
DA:50,0
DA:51,0
DA:52,0
DA:54,1
DA:59,2
DA:60,8
DA:61,6
DA:65,2
DA:66,3
DA:70,4
DA:73,2
DA:74,2
DA:75,2
DA:76,2
DA:78,1
DA:79,1
DA:80,1
DA:82,0
DA:83,0
DA:84,0
DA:86,0
DA:87,0
DA:88,0
DA:91,0
DA:95,4
DA:96,2
DA:98,4
DA:99,2
DA:103,1
DA:110,4
DA:111,3
DA:115,2
DA:116,1
DA:123,2
DA:124,1
DA:126,3
DA:130,1
DA:131,1
DA:132,3
DA:136,3
DA:137,2
DA:138,3
DA:142,3
DA:143,1
DA:145,3
DA:149,1
DA:150,1
DA:151,3
DA:155,3
DA:156,1
DA:158,3
DA:162,2
DA:169,2
DA:170,0
DA:174,2
DA:175,0
DA:179,6
DA:185,2
DA:187,4
DA:191,1
DA:192,1
DA:193,1
DA:194,1
DA:196,1
DA:197,1
DA:199,1
DA:200,1
DA:203,1
DA:205,5
DA:209,2
DA:210,4
DA:211,2
DA:212,2
DA:214,10
DA:219,1
DA:220,1
DA:221,1
DA:223,2
DA:227,1
DA:228,1
DA:229,1
DA:230,3
DA:232,1
DA:233,0
DA:235,1
DA:236,0
DA:238,1
DA:239,0
DA:242,3
DA:246,1
DA:247,3
DA:251,1
DA:252,1
DA:255,2
DA:256,2
DA:257,1
DA:258,1
DA:260,2
DA:262,1
DA:267,1
DA:268,1
DA:271,2
DA:272,2
DA:273,1
DA:274,1
DA:276,2
DA:278,1
DA:283,1
DA:284,2
DA:285,1
DA:286,1
DA:291,1
DA:292,1
DA:300,2
DA:301,1
DA:303,3
DA:307,0
DA:308,0
DA:309,0
DA:310,0
DA:311,0
DA:313,0
DA:314,0
DA:315,0
DA:320,0
DA:321,0
DA:322,0
DA:323,0
DA:324,0
DA:326,0
DA:331,1
DA:332,2
DA:333,5
DA:334,4
DA:335,5
DA:336,2
DA:337,8
DA:338,2
LF:160
LH:124
end_of_record
SF:lib/widgets/chart_area.dart
DA:8,1
DA:10,1
DA:12,1
DA:13,1
DA:14,1
DA:20,1
DA:22,1
DA:27,1
DA:28,1
DA:30,1
DA:32,1
DA:33,1
DA:35,1
DA:37,1
DA:45,1
DA:46,1
DA:47,2
DA:48,1
DA:49,1
DA:50,1
DA:51,1
DA:61,1
DA:62,1
DA:64,1
DA:65,1
DA:66,1
DA:72,1
DA:73,1
DA:74,2
DA:75,4
DA:82,1
DA:84,1
DA:85,1
DA:90,1
DA:91,2
DA:92,1
DA:94,1
DA:96,1
DA:97,1
DA:98,1
DA:100,1
DA:103,1
DA:104,2
DA:105,1
DA:108,1
DA:117,1
DA:118,1
DA:119,1
DA:121,1
DA:122,1
DA:124,1
DA:131,1
DA:132,1
DA:133,1
DA:134,1
DA:135,1
DA:136,1
DA:143,1
DA:144,1
DA:146,1
DA:147,1
DA:149,1
DA:150,1
DA:153,1
DA:158,1
DA:159,2
DA:160,1
DA:166,1
DA:167,1
DA:168,1
DA:169,1
DA:170,1
DA:171,1
DA:172,0
DA:173,0
DA:178,1
DA:179,1
DA:180,1
DA:181,1
DA:182,1
DA:183,1
DA:184,0
DA:185,0
DA:189,1
DA:191,1
DA:192,1
DA:196,1
DA:198,1
DA:199,1
DA:200,1
DA:202,1
DA:203,1
DA:210,1
DA:211,1
DA:212,9
DA:213,4
DA:214,1
DA:223,1
DA:225,1
DA:227,1
DA:229,1
DA:230,1
DA:231,1
DA:233,1
DA:234,1
DA:241,1
DA:242,1
DA:243,7
DA:244,4
DA:245,1
DA:254,1
DA:255,1
DA:257,1
DA:258,1
DA:261,1
DA:263,1
DA:264,1
DA:266,1
DA:267,1
DA:268,1
DA:269,1
DA:270,1
DA:271,1
DA:277,1
DA:278,1
DA:279,1
DA:281,1
DA:282,1
DA:285,1
DA:288,1
DA:290,1
DA:291,1
DA:301,0
DA:302,0
DA:303,0
DA:305,0
DA:306,0
DA:309,0
DA:312,0
DA:314,0
DA:315,0
DA:325,1
DA:326,6
DA:330,1
DA:332,1
DA:334,1
DA:337,0
DA:338,0
DA:343,0
DA:345,0
DA:346,0
DA:348,0
DA:349,0
DA:351,0
DA:354,0
DA:357,0
DA:358,0
DA:364,0
DA:365,0
DA:366,0
DA:367,0
DA:373,0
DA:374,0
DA:389,1
DA:390,1
DA:398,1
DA:399,1
DA:401,1
DA:402,1
DA:403,3
DA:404,1
DA:406,1
DA:407,2
DA:421,1
DA:422,1
DA:424,1
DA:425,1
DA:426,2
DA:441,1
DA:443,4
DA:444,1
DA:445,1
DA:447,1
DA:449,1
DA:450,1
DA:451,1
DA:452,2
DA:458,1
DA:459,1
DA:461,1
DA:462,1
DA:465,1
DA:466,3
DA:467,2
DA:474,1
DA:475,5
DA:476,2
DA:483,1
DA:484,1
DA:485,2
DA:494,1
DA:498,1
DA:499,1
DA:503,2
DA:504,1
DA:505,1
DA:506,1
DA:513,1
DA:514,1
DA:516,1
DA:517,1
DA:518,1
DA:519,1
DA:523,1
DA:524,1
DA:527,1
DA:533,1
DA:534,1
DA:535,1
DA:536,1
DA:537,1
DA:538,3
DA:545,1
DA:547,1
DA:551,1
DA:552,1
DA:553,3
DA:554,4
DA:556,1
DA:559,1
DA:561,1
DA:563,1
DA:571,1
DA:572,1
DA:574,1
DA:576,1
DA:578,1
DA:587,1
DA:588,1
DA:590,0
DA:597,1
DA:598,1
DA:599,1
DA:601,1
DA:602,1
DA:604,1
DA:606,1
DA:611,1
DA:612,2
DA:619,1
DA:620,3
DA:621,1
DA:623,1
DA:626,1
DA:628,1
DA:630,1
DA:639,0
DA:640,0
DA:641,0
DA:642,0
DA:646,0
DA:647,0
DA:649,0
DA:650,0
DA:651,0
DA:657,0
DA:658,0
DA:659,0
DA:663,0
DA:664,0
DA:665,0
DA:670,0
DA:678,0
DA:679,0
DA:683,0
DA:684,0
DA:685,0
DA:686,0
DA:688,0
DA:689,0
DA:690,0
DA:691,0
DA:702,0
DA:703,0
DA:706,0
DA:707,0
DA:708,0
DA:709,0
DA:710,0
DA:720,0
DA:722,0
DA:723,0
DA:728,0
DA:730,0
DA:731,0
DA:733,0
DA:734,0
DA:736,0
DA:737,0
DA:738,0
DA:739,0
DA:741,0
DA:742,0
DA:743,0
DA:744,0
DA:749,0
DA:751,0
DA:752,0
DA:754,0
DA:760,0
DA:762,0
DA:763,0
DA:764,0
DA:765,0
DA:766,0
DA:767,0
DA:775,0
DA:777,0
DA:778,0
DA:779,0
DA:780,0
DA:781,0
DA:782,0
DA:783,0
DA:785,0
DA:786,0
DA:795,0
DA:804,0
DA:806,0
DA:807,0
DA:812,0
DA:813,0
DA:816,0
DA:818,0
DA:819,0
DA:820,0
DA:821,0
DA:823,0
DA:825,0
DA:826,0
DA:827,0
DA:828,0
DA:829,0
DA:833,0
DA:835,0
DA:836,0
DA:838,0
DA:843,0
DA:845,0
DA:846,0
DA:849,0
DA:851,0
DA:853,0
DA:856,0
DA:860,0
DA:863,0
DA:867,0
DA:870,0
DA:882,0
DA:889,0
DA:890,0
DA:891,0
DA:897,0
DA:899,0
DA:901,0
DA:906,0
DA:908,0
DA:914,0
DA:916,0
DA:918,0
LF:370
LH:225
end_of_record
