SF:lib/providers/chart_provider.dart
DA:15,3
DA:16,2
DA:17,2
DA:18,0
DA:19,2
DA:20,2
DA:23,0
DA:26,0
DA:27,0
DA:30,0
DA:33,1
DA:34,1
DA:37,2
DA:38,2
DA:40,2
DA:41,7
DA:43,0
DA:44,0
DA:45,0
DA:47,1
DA:52,1
DA:53,4
DA:54,3
DA:58,1
DA:59,3
DA:63,2
DA:66,1
DA:67,1
DA:68,1
DA:69,1
DA:71,0
DA:72,0
DA:73,0
DA:75,0
DA:76,0
DA:77,0
DA:79,0
DA:80,0
DA:81,0
DA:84,0
DA:88,2
DA:89,1
DA:91,2
DA:92,1
DA:96,1
DA:103,4
DA:104,3
DA:108,2
DA:109,1
DA:116,2
DA:117,1
DA:119,3
DA:123,1
DA:124,1
DA:125,3
DA:129,3
DA:130,2
DA:131,3
DA:135,3
DA:136,1
DA:138,3
DA:142,1
DA:143,1
DA:144,3
DA:148,3
DA:149,1
DA:151,3
DA:155,1
DA:162,1
DA:163,0
DA:167,1
DA:168,0
DA:172,3
DA:178,1
DA:180,2
DA:184,1
DA:185,2
DA:186,1
DA:188,2
DA:189,2
DA:193,1
DA:194,2
DA:195,1
DA:196,1
DA:198,2
DA:199,2
DA:204,1
DA:205,1
DA:206,1
DA:208,2
DA:212,1
DA:213,1
DA:214,1
DA:215,3
DA:217,1
DA:218,0
DA:220,1
DA:221,0
DA:223,1
DA:224,0
DA:227,3
DA:231,1
DA:232,3
DA:236,1
DA:237,1
DA:240,2
DA:241,2
DA:242,1
DA:243,1
DA:245,2
DA:247,1
DA:252,1
DA:253,1
DA:256,2
DA:257,2
DA:258,1
DA:259,1
DA:261,2
DA:263,1
DA:268,1
DA:269,2
DA:270,1
DA:271,1
DA:276,0
DA:277,0
DA:285,0
DA:286,0
DA:288,0
DA:292,0
DA:293,0
DA:294,0
DA:295,0
DA:296,0
DA:298,0
DA:303,1
DA:304,2
DA:305,4
DA:306,4
DA:307,5
DA:308,2
DA:309,8
DA:310,2
LF:142
LH:108
end_of_record
SF:lib/models/chart_data_models.dart
DA:11,1
DA:20,8
DA:23,1
DA:30,1
DA:31,1
DA:32,0
DA:33,1
DA:34,1
DA:35,1
DA:40,0
DA:41,0
DA:42,0
DA:43,0
DA:44,0
DA:45,0
DA:46,0
DA:51,0
DA:52,0
DA:53,0
DA:54,0
DA:55,0
DA:56,0
DA:57,0
DA:69,1
DA:77,1
DA:78,6
DA:81,1
DA:87,1
DA:88,1
DA:89,1
DA:90,1
DA:91,1
DA:96,0
DA:97,0
DA:98,0
DA:99,0
DA:100,0
DA:101,0
DA:106,0
DA:107,0
DA:108,0
DA:109,0
DA:110,0
DA:111,0
DA:123,2
DA:139,0
DA:140,0
DA:141,0
DA:142,0
DA:143,0
DA:147,1
DA:153,1
DA:154,0
DA:155,1
DA:156,1
DA:157,1
LF:56
LH:23
end_of_record
SF:lib/models/chart_data_helper.dart
DA:7,1
DA:8,1
DA:9,1
DA:16,1
DA:23,1
DA:30,1
DA:37,1
DA:44,1
DA:51,1
DA:62,1
DA:63,1
DA:66,1
DA:67,1
DA:72,0
DA:73,0
DA:76,0
DA:77,0
DA:78,0
DA:83,0
DA:87,0
DA:90,0
DA:91,0
DA:93,0
DA:95,0
DA:97,0
DA:99,0
DA:101,0
DA:103,0
DA:105,0
DA:111,1
DA:112,2
DA:113,1
DA:114,2
DA:124,1
DA:125,1
DA:128,1
DA:129,1
DA:139,0
LF:38
LH:21
end_of_record
